<?xml version="1.0" encoding="UTF-8"?>
<testsuite name="org.itmo.testing.lab3.integration.UserAnalyticsIntegrationTest" tests="19" skipped="4" failures="0" errors="0" timestamp="2025-03-23T08:23:03" hostname="MacBook-Air-3.local" time="1.493">
  <properties/>
  <testcase name="Тест регистрации пользователя" classname="org.itmo.testing.lab3.integration.UserAnalyticsIntegrationTest" time="0.983"/>
  <testcase name="Тест записи сессии" classname="org.itmo.testing.lab3.integration.UserAnalyticsIntegrationTest" time="0.01"/>
  <testcase name="Тест записи некорректной сессии" classname="org.itmo.testing.lab3.integration.UserAnalyticsIntegrationTest" time="0.001">
    <skipped/>
  </testcase>
  <testcase name="Тест получения общего времени активности" classname="org.itmo.testing.lab3.integration.UserAnalyticsIntegrationTest" time="0.018"/>
  <testcase name="Тест регистрации пользователя без userId" classname="org.itmo.testing.lab3.integration.UserAnalyticsIntegrationTest" time="0.006"/>
  <testcase name="Тест регистрации пользователя без userName" classname="org.itmo.testing.lab3.integration.UserAnalyticsIntegrationTest" time="0.007"/>
  <testcase name="Тест записи сессии без userId" classname="org.itmo.testing.lab3.integration.UserAnalyticsIntegrationTest" time="0.007"/>
  <testcase name="Тест записи сессии с некорректным loginTime" classname="org.itmo.testing.lab3.integration.UserAnalyticsIntegrationTest" time="0.008"/>
  <testcase name="Тест записи сессии с некорректным logoutTime" classname="org.itmo.testing.lab3.integration.UserAnalyticsIntegrationTest" time="0.012"/>
  <testcase name="Тест получения общего времени активности без userId" classname="org.itmo.testing.lab3.integration.UserAnalyticsIntegrationTest" time="0.007"/>
  <testcase name="Тест получения списка неактивных пользователей" classname="org.itmo.testing.lab3.integration.UserAnalyticsIntegrationTest" time="0.305"/>
  <testcase name="Тест получения списка неактивных пользователей за отрицательный период" classname="org.itmo.testing.lab3.integration.UserAnalyticsIntegrationTest" time="0.0">
    <skipped/>
  </testcase>
  <testcase name="Тест получения списка неактивных пользователей без параметра days" classname="org.itmo.testing.lab3.integration.UserAnalyticsIntegrationTest" time="0.006"/>
  <testcase name="Тест получения списка неактивных пользователей с некорректным days" classname="org.itmo.testing.lab3.integration.UserAnalyticsIntegrationTest" time="0.005"/>
  <testcase name="Тест получения метрики активности за месяц" classname="org.itmo.testing.lab3.integration.UserAnalyticsIntegrationTest" time="0.0">
    <skipped/>
  </testcase>
  <testcase name="Тест получения метрики активности за месяц без параметра userId" classname="org.itmo.testing.lab3.integration.UserAnalyticsIntegrationTest" time="0.005"/>
  <testcase name="Тест получения метрики активности за месяц с некорректным month" classname="org.itmo.testing.lab3.integration.UserAnalyticsIntegrationTest" time="0.005"/>
  <testcase name="Тест повторной регистрации пользователя" classname="org.itmo.testing.lab3.integration.UserAnalyticsIntegrationTest" time="0.0">
    <skipped/>
  </testcase>
  <testcase name="Тест регистрации пользователя Leha" classname="org.itmo.testing.lab3.integration.UserAnalyticsIntegrationTest" time="0.006"/>
  <system-out><![CDATA[]]></system-out>
  <system-err><![CDATA[[Test worker] INFO io.javalin.Javalin - Starting Javalin ...
[Test worker] INFO org.eclipse.jetty.server.Server - jetty-11.0.24; built: 2024-08-26T18:11:22.448Z; git: 5dfc59a691b748796f922208956bd1f2794bcd16; jvm 21.0.6
[Test worker] INFO org.eclipse.jetty.server.session.DefaultSessionIdManager - Session workerName=node0
[Test worker] INFO org.eclipse.jetty.server.handler.ContextHandler - Started o.e.j.s.ServletContextHandler@5713e35f{/,null,AVAILABLE}
[Test worker] INFO org.eclipse.jetty.server.AbstractConnector - Started ServerConnector@19ce597a{HTTP/1.1, (http/1.1)}{0.0.0.0:9000}
[Test worker] INFO org.eclipse.jetty.server.Server - Started Server@665e18d5{STARTING}[11.0.24,sto=0] @2813ms
[Test worker] INFO io.javalin.Javalin - 
       __                  ___           _____
      / /___ __   ______ _/ (_)___      / ___/
 __  / / __ `/ | / / __ `/ / / __ \    / __ \
/ /_/ / /_/ /| |/ / /_/ / / / / / /   / /_/ /
\____/\__,_/ |___/\__,_/_/_/_/ /_/    \____/

       https://javalin.io/documentation

[Test worker] INFO io.javalin.Javalin - Javalin started in 273ms \o/
[Test worker] INFO io.javalin.Javalin - Listening on http://localhost:9000/
[Test worker] INFO io.javalin.Javalin - You are running Javalin 6.4.0 (released December 17, 2024).
[Test worker] INFO io.javalin.Javalin - Stopping Javalin ...
[Test worker] INFO org.eclipse.jetty.server.Server - Stopped Server@665e18d5{STOPPING}[11.0.24,sto=0]
[Test worker] INFO org.eclipse.jetty.server.AbstractConnector - Stopped ServerConnector@19ce597a{HTTP/1.1, (http/1.1)}{0.0.0.0:9000}
[Test worker] INFO org.eclipse.jetty.server.handler.ContextHandler - Stopped o.e.j.s.ServletContextHandler@5713e35f{/,null,STOPPED}
[Test worker] INFO io.javalin.Javalin - Javalin has stopped
]]></system-err>
</testsuite>
